<?xml version="1.0" encoding="UTF-8"?>
<!-- Generated by org.testng.reporters.JUnitXMLReporter -->
<testsuite hostname="Muhammeds-MacBook-Pro.local" ignored="0" name="Default test" tests="2" failures="0" timestamp="10 Sep 2022 17:34:35 GMT" time="0.481" errors="0">
  <testcase name="runScenario" time="0.159" classname="io.cucumber.testng.AbstractTestNGCucumberTests"/>
  <testcase name="runScenario" time="0.003" classname="io.cucumber.testng.AbstractTestNGCucumberTests"/>
</testsuite> <!-- Default test -->
